2023-11-24 16:28:49.657 GMT | main | INFO | org.springframework.boot.StartupInfoLogger.logStarting:55 | Starting CityWanderBackend v1.0 using Java 17-ea on 448524eaef80 with PID 1 (/app/app.jar started by root in /)
2023-11-24 16:28:49.672 GMT | main | INFO | org.springframework.boot.SpringApplication.logStartupProfileInfo:645 | No active profile set, falling back to 1 default profile: "default"
2023-11-24 16:28:53.678 GMT | main | INFO | org.springframework.data.repository.config.RepositoryConfigurationDelegate.registerRepositoriesIn:132 | Bootstrapping Spring Data MongoDB repositories in DEFAULT mode.
2023-11-24 16:28:53.894 GMT | main | INFO | org.springframework.data.repository.config.RepositoryConfigurationDelegate.registerRepositoriesIn:201 | Finished Spring Data repository scanning in 195 ms. Found 1 MongoDB repository interfaces.
2023-11-24 16:28:56.783 GMT | main | INFO | org.springframework.boot.web.embedded.tomcat.TomcatWebServer.initialize:108 | Tomcat initialized with port(s): 8080 (http)
2023-11-24 16:28:56.889 GMT | main | INFO | org.apache.juli.logging.DirectJDKLog.log:173 | Initializing ProtocolHandler ["http-nio-8080"]
2023-11-24 16:28:56.891 GMT | main | INFO | org.apache.juli.logging.DirectJDKLog.log:173 | Starting service [Tomcat]
2023-11-24 16:28:56.892 GMT | main | INFO | org.apache.juli.logging.DirectJDKLog.log:173 | Starting Servlet engine: [Apache Tomcat/9.0.65]
2023-11-24 16:28:57.346 GMT | main | INFO | org.apache.juli.logging.DirectJDKLog.log:173 | Initializing Spring embedded WebApplicationContext
2023-11-24 16:28:57.347 GMT | main | INFO | org.springframework.boot.web.servlet.context.ServletWebServerApplicationContext.prepareWebApplicationContext:290 | Root WebApplicationContext: initialization completed in 7439 ms
2023-11-24 16:28:59.989 GMT | main | INFO | com.mongodb.diagnostics.logging.SLF4JLogger.info:71 | Cluster created with settings {hosts=[mongo-database:27017], mode=SINGLE, requiredClusterType=UNKNOWN, serverSelectionTimeout='30000 ms'}
2023-11-24 16:29:00.462 GMT | cluster-rtt-ClusterId{value='6560cf4b387b6d375153b35d', description='null'}-mongo-database:27017 | INFO | com.mongodb.diagnostics.logging.SLF4JLogger.info:71 | Opened connection [connectionId{localValue:1, serverValue:9}] to mongo-database:27017
2023-11-24 16:29:00.462 GMT | cluster-ClusterId{value='6560cf4b387b6d375153b35d', description='null'}-mongo-database:27017 | INFO | com.mongodb.diagnostics.logging.SLF4JLogger.info:71 | Opened connection [connectionId{localValue:2, serverValue:8}] to mongo-database:27017
2023-11-24 16:29:00.464 GMT | cluster-ClusterId{value='6560cf4b387b6d375153b35d', description='null'}-mongo-database:27017 | INFO | com.mongodb.diagnostics.logging.SLF4JLogger.info:71 | Monitor thread successfully connected to server with description ServerDescription{address=mongo-database:27017, type=STANDALONE, state=CONNECTED, ok=true, minWireVersion=0, maxWireVersion=21, maxDocumentSize=16777216, logicalSessionTimeoutMinutes=30, roundTripTimeNanos=147711295}
2023-11-24 16:29:03.591 GMT | main | WARN | org.springframework.context.support.AbstractApplicationContext.refresh:591 | Exception encountered during context initialization - cancelling refresh attempt: org.springframework.beans.factory.BeanCreationException: Error creating bean with name 'requestMappingHandlerMapping' defined in class path resource [org/springframework/boot/autoconfigure/web/servlet/WebMvcAutoConfiguration$EnableWebMvcConfiguration.class]: Invocation of init method failed; nested exception is java.lang.IllegalStateException: Ambiguous mapping. Cannot map 'provaRest' method 
it.itsvil.citywanderbackend.rest.ProvaRest#getDocumentById(String)
to {GET [/prova/1.0/getjsonFromMongo], produces [application/json]}: There is already 'provaRest' bean method
it.itsvil.citywanderbackend.rest.ProvaRest#getDataById(String) mapped.
2023-11-24 16:29:03.607 GMT | main | INFO | org.apache.juli.logging.DirectJDKLog.log:173 | Stopping service [Tomcat]
2023-11-24 16:29:03.731 GMT | main | ERROR | org.springframework.boot.SpringApplication.reportFailure:835 | Application run failed
org.springframework.beans.factory.BeanCreationException: Error creating bean with name 'requestMappingHandlerMapping' defined in class path resource [org/springframework/boot/autoconfigure/web/servlet/WebMvcAutoConfiguration$EnableWebMvcConfiguration.class]: Invocation of init method failed; nested exception is java.lang.IllegalStateException: Ambiguous mapping. Cannot map 'provaRest' method 
it.itsvil.citywanderbackend.rest.ProvaRest#getDocumentById(String)
to {GET [/prova/1.0/getjsonFromMongo], produces [application/json]}: There is already 'provaRest' bean method
it.itsvil.citywanderbackend.rest.ProvaRest#getDataById(String) mapped.
	at org.springframework.beans.factory.support.AbstractAutowireCapableBeanFactory.initializeBean(AbstractAutowireCapableBeanFactory.java:1804) ~[spring-beans-5.3.22.jar!/:5.3.22]
	at org.springframework.beans.factory.support.AbstractAutowireCapableBeanFactory.doCreateBean(AbstractAutowireCapableBeanFactory.java:620) ~[spring-beans-5.3.22.jar!/:5.3.22]
	at org.springframework.beans.factory.support.AbstractAutowireCapableBeanFactory.createBean(AbstractAutowireCapableBeanFactory.java:542) ~[spring-beans-5.3.22.jar!/:5.3.22]
	at org.springframework.beans.factory.support.AbstractBeanFactory.lambda$doGetBean$0(AbstractBeanFactory.java:335) ~[spring-beans-5.3.22.jar!/:5.3.22]
	at org.springframework.beans.factory.support.DefaultSingletonBeanRegistry.getSingleton(DefaultSingletonBeanRegistry.java:234) ~[spring-beans-5.3.22.jar!/:5.3.22]
	at org.springframework.beans.factory.support.AbstractBeanFactory.doGetBean(AbstractBeanFactory.java:333) ~[spring-beans-5.3.22.jar!/:5.3.22]
	at org.springframework.beans.factory.support.AbstractBeanFactory.getBean(AbstractBeanFactory.java:208) ~[spring-beans-5.3.22.jar!/:5.3.22]
	at org.springframework.beans.factory.support.DefaultListableBeanFactory.preInstantiateSingletons(DefaultListableBeanFactory.java:955) ~[spring-beans-5.3.22.jar!/:5.3.22]
	at org.springframework.context.support.AbstractApplicationContext.finishBeanFactoryInitialization(AbstractApplicationContext.java:918) ~[spring-context-5.3.22.jar!/:5.3.22]
	at org.springframework.context.support.AbstractApplicationContext.refresh(AbstractApplicationContext.java:583) ~[spring-context-5.3.22.jar!/:5.3.22]
	at org.springframework.boot.web.servlet.context.ServletWebServerApplicationContext.refresh(ServletWebServerApplicationContext.java:145) ~[spring-boot-2.6.11.jar!/:2.6.11]
	at org.springframework.boot.SpringApplication.refresh(SpringApplication.java:745) ~[spring-boot-2.6.11.jar!/:2.6.11]
	at org.springframework.boot.SpringApplication.refreshContext(SpringApplication.java:420) ~[spring-boot-2.6.11.jar!/:2.6.11]
	at org.springframework.boot.SpringApplication.run(SpringApplication.java:307) ~[spring-boot-2.6.11.jar!/:2.6.11]
	at org.springframework.boot.SpringApplication.run(SpringApplication.java:1317) ~[spring-boot-2.6.11.jar!/:2.6.11]
	at org.springframework.boot.SpringApplication.run(SpringApplication.java:1306) ~[spring-boot-2.6.11.jar!/:2.6.11]
	at it.itsvil.citywanderbackend.CityWanderBackend.main(CityWanderBackend.java:12) ~[classes!/:1.0]
	at jdk.internal.reflect.NativeMethodAccessorImpl.invoke0(Native Method) ~[?:?]
	at jdk.internal.reflect.NativeMethodAccessorImpl.invoke(NativeMethodAccessorImpl.java:78) ~[?:?]
	at jdk.internal.reflect.DelegatingMethodAccessorImpl.invoke(DelegatingMethodAccessorImpl.java:43) ~[?:?]
	at java.lang.reflect.Method.invoke(Method.java:568) ~[?:?]
	at org.springframework.boot.loader.MainMethodRunner.run(MainMethodRunner.java:49) ~[app.jar:1.0]
	at org.springframework.boot.loader.Launcher.launch(Launcher.java:108) ~[app.jar:1.0]
	at org.springframework.boot.loader.Launcher.launch(Launcher.java:58) ~[app.jar:1.0]
	at org.springframework.boot.loader.JarLauncher.main(JarLauncher.java:88) ~[app.jar:1.0]
Caused by: java.lang.IllegalStateException: Ambiguous mapping. Cannot map 'provaRest' method 
it.itsvil.citywanderbackend.rest.ProvaRest#getDocumentById(String)
to {GET [/prova/1.0/getjsonFromMongo], produces [application/json]}: There is already 'provaRest' bean method
it.itsvil.citywanderbackend.rest.ProvaRest#getDataById(String) mapped.
	at org.springframework.web.servlet.handler.AbstractHandlerMethodMapping$MappingRegistry.validateMethodMapping(AbstractHandlerMethodMapping.java:669) ~[spring-webmvc-5.3.22.jar!/:5.3.22]
	at org.springframework.web.servlet.handler.AbstractHandlerMethodMapping$MappingRegistry.register(AbstractHandlerMethodMapping.java:635) ~[spring-webmvc-5.3.22.jar!/:5.3.22]
	at org.springframework.web.servlet.handler.AbstractHandlerMethodMapping.registerHandlerMethod(AbstractHandlerMethodMapping.java:332) ~[spring-webmvc-5.3.22.jar!/:5.3.22]
	at org.springframework.web.servlet.mvc.method.annotation.RequestMappingHandlerMapping.registerHandlerMethod(RequestMappingHandlerMapping.java:420) ~[spring-webmvc-5.3.22.jar!/:5.3.22]
	at org.springframework.web.servlet.mvc.method.annotation.RequestMappingHandlerMapping.registerHandlerMethod(RequestMappingHandlerMapping.java:76) ~[spring-webmvc-5.3.22.jar!/:5.3.22]
	at org.springframework.web.servlet.handler.AbstractHandlerMethodMapping.lambda$detectHandlerMethods$2(AbstractHandlerMethodMapping.java:299) ~[spring-webmvc-5.3.22.jar!/:5.3.22]
	at java.util.LinkedHashMap.forEach(LinkedHashMap.java:723) ~[?:?]
	at org.springframework.web.servlet.handler.AbstractHandlerMethodMapping.detectHandlerMethods(AbstractHandlerMethodMapping.java:297) ~[spring-webmvc-5.3.22.jar!/:5.3.22]
	at org.springframework.web.servlet.handler.AbstractHandlerMethodMapping.processCandidateBean(AbstractHandlerMethodMapping.java:266) ~[spring-webmvc-5.3.22.jar!/:5.3.22]
	at org.springframework.web.servlet.handler.AbstractHandlerMethodMapping.initHandlerMethods(AbstractHandlerMethodMapping.java:225) ~[spring-webmvc-5.3.22.jar!/:5.3.22]
	at org.springframework.web.servlet.handler.AbstractHandlerMethodMapping.afterPropertiesSet(AbstractHandlerMethodMapping.java:213) ~[spring-webmvc-5.3.22.jar!/:5.3.22]
	at org.springframework.web.servlet.mvc.method.annotation.RequestMappingHandlerMapping.afterPropertiesSet(RequestMappingHandlerMapping.java:205) ~[spring-webmvc-5.3.22.jar!/:5.3.22]
	at org.springframework.beans.factory.support.AbstractAutowireCapableBeanFactory.invokeInitMethods(AbstractAutowireCapableBeanFactory.java:1863) ~[spring-beans-5.3.22.jar!/:5.3.22]
	at org.springframework.beans.factory.support.AbstractAutowireCapableBeanFactory.initializeBean(AbstractAutowireCapableBeanFactory.java:1800) ~[spring-beans-5.3.22.jar!/:5.3.22]
	... 24 more
